Matrix_public_test.obj : error LNK2005: "class std::basic_ostream<char,struct std::char_traits<char> > & __cdecl operator<<(class std::basic_ostream<char,struct std::char_traits<char> > &,class TestFailure const &)" (??6@YAAEAV?$basic_ostream@DU?$char_traits@D@std@@@std@@AEAV01@AEBVTestFailure@@@Z) already defined in Image_public_test.obj
Matrix_public_test.obj : error LNK2005: "void __cdecl assert_almost_equal(double,double,double,int,char const *)" (?assert_almost_equal@@YAXNNNHPEBD@Z) already defined in Image_public_test.obj
Matrix_public_test.obj : error LNK2005: "void __cdecl assert_false(bool,int,char const *)" (?assert_false@@YAX_NHPEBD@Z) already defined in Image_public_test.obj
Matrix_public_test.obj : error LNK2005: "void __cdecl assert_true(bool,int,char const *)" (?assert_true@@YAX_NHPEBD@Z) already defined in Image_public_test.obj
Matrix_public_test.obj : error LNK2005: "class std::basic_string<char,struct std::char_traits<char>,class std::allocator<char> > __cdecl demangle(char const *)" (?demangle@@YA?AV?$basic_string@DU?$char_traits@D@std@@V?$allocator@D@2@@std@@PEBD@Z) already defined in Image_public_test.obj
Matrix_public_test.obj : error LNK2005: "private: class std::vector<class std::basic_string<char,struct std::char_traits<char>,class std::allocator<char> >,class std::allocator<class std::basic_string<char,struct std::char_traits<char>,class std::allocator<char> > > > __cdecl TestSuite::get_test_names_to_run(int,char * *)" (?get_test_names_to_run@TestSuite@@AEAA?AV?$vector@V?$basic_string@DU?$char_traits@D@std@@V?$allocator@D@2@@std@@V?$allocator@V?$basic_string@DU?$char_traits@D@std@@V?$allocator@D@2@@std@@@2@@std@@HPEAPEAD@Z) already defined in Image_public_test.obj
Matrix_public_test.obj : error LNK2005: "public: void __cdecl TestCase::print(bool)" (?print@TestCase@@QEAAX_N@Z) already defined in Image_public_test.obj
Matrix_public_test.obj : error LNK2005: "public: void __cdecl TestCase::run(bool)" (?run@TestCase@@QEAAX_N@Z) already defined in Image_public_test.obj
Matrix_public_test.obj : error LNK2005: "public: int __cdecl TestSuite::run_tests(int,char * *)" (?run_tests@TestSuite@@QEAAHHPEAPEAD@Z) already defined in Image_public_test.obj
Matrix_public_test.obj : error LNK2005: "bool __cdecl safe_equals_helper(int,unsigned __int64)" (?safe_equals_helper@@YA_NH_K@Z) already defined in Image_public_test.obj
Matrix_public_test.obj : error LNK2005: "bool __cdecl safe_equals_helper(unsigned __int64,int)" (?safe_equals_helper@@YA_N_KH@Z) already defined in Image_public_test.obj
Matrix_public_test.obj : error LNK2005: "bool __cdecl safe_not_equals_helper(int,unsigned __int64)" (?safe_not_equals_helper@@YA_NH_K@Z) already defined in Image_public_test.obj
Matrix_public_test.obj : error LNK2005: "bool __cdecl safe_not_equals_helper(unsigned __int64,int)" (?safe_not_equals_helper@@YA_N_KH@Z) already defined in Image_public_test.obj
Matrix_public_test.obj : error LNK2005: main already defined in Image_public_test.obj
Matrix_public_test.obj : error LNK2005: "private: static bool TestSuite::incomplete" (?incomplete@TestSuite@@0_NA) already defined in Image_public_test.obj
Matrix_public_test.obj : error LNK2005: "private: static class TestSuite * TestSuite::instance" (?instance@TestSuite@@0PEAV1@EA) already defined in Image_public_test.obj
Matrix_tests.obj : error LNK2005: "class std::basic_ostream<char,struct std::char_traits<char> > & __cdecl operator<<(class std::basic_ostream<char,struct std::char_traits<char> > &,class TestFailure const &)" (??6@YAAEAV?$basic_ostream@DU?$char_traits@D@std@@@std@@AEAV01@AEBVTestFailure@@@Z) already defined in Image_public_test.obj
Matrix_tests.obj : error LNK2005: "void __cdecl assert_almost_equal(double,double,double,int,char const *)" (?assert_almost_equal@@YAXNNNHPEBD@Z) already defined in Image_public_test.obj
Matrix_tests.obj : error LNK2005: "void __cdecl assert_false(bool,int,char const *)" (?assert_false@@YAX_NHPEBD@Z) already defined in Image_public_test.obj
Matrix_tests.obj : error LNK2005: "void __cdecl assert_true(bool,int,char const *)" (?assert_true@@YAX_NHPEBD@Z) already defined in Image_public_test.obj
Matrix_tests.obj : error LNK2005: "class std::basic_string<char,struct std::char_traits<char>,class std::allocator<char> > __cdecl demangle(char const *)" (?demangle@@YA?AV?$basic_string@DU?$char_traits@D@std@@V?$allocator@D@2@@std@@PEBD@Z) already defined in Image_public_test.obj
Matrix_tests.obj : error LNK2005: "private: class std::vector<class std::basic_string<char,struct std::char_traits<char>,class std::allocator<char> >,class std::allocator<class std::basic_string<char,struct std::char_traits<char>,class std::allocator<char> > > > __cdecl TestSuite::get_test_names_to_run(int,char * *)" (?get_test_names_to_run@TestSuite@@AEAA?AV?$vector@V?$basic_string@DU?$char_traits@D@std@@V?$allocator@D@2@@std@@V?$allocator@V?$basic_string@DU?$char_traits@D@std@@V?$allocator@D@2@@std@@@2@@std@@HPEAPEAD@Z) already defined in Image_public_test.obj
Matrix_tests.obj : error LNK2005: "public: void __cdecl TestCase::print(bool)" (?print@TestCase@@QEAAX_N@Z) already defined in Image_public_test.obj
Matrix_tests.obj : error LNK2005: "public: void __cdecl TestCase::run(bool)" (?run@TestCase@@QEAAX_N@Z) already defined in Image_public_test.obj
Matrix_tests.obj : error LNK2005: "public: int __cdecl TestSuite::run_tests(int,char * *)" (?run_tests@TestSuite@@QEAAHHPEAPEAD@Z) already defined in Image_public_test.obj
Matrix_tests.obj : error LNK2005: "bool __cdecl safe_equals_helper(int,unsigned __int64)" (?safe_equals_helper@@YA_NH_K@Z) already defined in Image_public_test.obj
Matrix_tests.obj : error LNK2005: "bool __cdecl safe_equals_helper(unsigned __int64,int)" (?safe_equals_helper@@YA_N_KH@Z) already defined in Image_public_test.obj
Matrix_tests.obj : error LNK2005: "bool __cdecl safe_not_equals_helper(int,unsigned __int64)" (?safe_not_equals_helper@@YA_NH_K@Z) already defined in Image_public_test.obj
Matrix_tests.obj : error LNK2005: "bool __cdecl safe_not_equals_helper(unsigned __int64,int)" (?safe_not_equals_helper@@YA_N_KH@Z) already defined in Image_public_test.obj
Matrix_tests.obj : error LNK2005: main already defined in Image_public_test.obj
Matrix_tests.obj : error LNK2005: "private: static bool TestSuite::incomplete" (?incomplete@TestSuite@@0_NA) already defined in Image_public_test.obj
Matrix_tests.obj : error LNK2005: "private: static class TestSuite * TestSuite::instance" (?instance@TestSuite@@0PEAV1@EA) already defined in Image_public_test.obj
Image_public_test.obj : error LNK2019: unresolved external symbol "void __cdecl Image_init(struct Image *,int,int)" (?Image_init@@YAXPEAUImage@@HH@Z) referenced in function "void __cdecl test_image_basic(void)" (?test_image_basic@@YAXXZ)
Image_public_test.obj : error LNK2019: unresolved external symbol "void __cdecl Image_init(struct Image *,class std::basic_istream<char,struct std::char_traits<char> > &)" (?Image_init@@YAXPEAUImage@@AEAV?$basic_istream@DU?$char_traits@D@std@@@std@@@Z) referenced in function "void __cdecl test_image_from_and_to_stream(void)" (?test_image_from_and_to_stream@@YAXXZ)
Image_public_test.obj : error LNK2019: unresolved external symbol "void __cdecl Image_print(struct Image const *,class std::basic_ostream<char,struct std::char_traits<char> > &)" (?Image_print@@YAXPEBUImage@@AEAV?$basic_ostream@DU?$char_traits@D@std@@@std@@@Z) referenced in function "void __cdecl test_image_from_and_to_stream(void)" (?test_image_from_and_to_stream@@YAXXZ)
Image_public_test.obj : error LNK2019: unresolved external symbol "int __cdecl Image_width(struct Image const *)" (?Image_width@@YAHPEBUImage@@@Z) referenced in function "void __cdecl test_image_basic(void)" (?test_image_basic@@YAXXZ)
Image_test_helpers.obj : error LNK2001: unresolved external symbol "int __cdecl Image_width(struct Image const *)" (?Image_width@@YAHPEBUImage@@@Z)
Image_public_test.obj : error LNK2019: unresolved external symbol "int __cdecl Image_height(struct Image const *)" (?Image_height@@YAHPEBUImage@@@Z) referenced in function "void __cdecl test_image_basic(void)" (?test_image_basic@@YAXXZ)
Image_test_helpers.obj : error LNK2001: unresolved external symbol "int __cdecl Image_height(struct Image const *)" (?Image_height@@YAHPEBUImage@@@Z)
Image_public_test.obj : error LNK2019: unresolved external symbol "struct Pixel __cdecl Image_get_pixel(struct Image const *,int,int)" (?Image_get_pixel@@YA?AUPixel@@PEBUImage@@HH@Z) referenced in function "void __cdecl test_image_basic(void)" (?test_image_basic@@YAXXZ)
Image_test_helpers.obj : error LNK2001: unresolved external symbol "struct Pixel __cdecl Image_get_pixel(struct Image const *,int,int)" (?Image_get_pixel@@YA?AUPixel@@PEBUImage@@HH@Z)
Image_public_test.obj : error LNK2019: unresolved external symbol "void __cdecl Image_set_pixel(struct Image *,int,int,struct Pixel)" (?Image_set_pixel@@YAXPEAUImage@@HHUPixel@@@Z) referenced in function "void __cdecl test_image_basic(void)" (?test_image_basic@@YAXXZ)
Image_public_test.obj : error LNK2019: unresolved external symbol "void __cdecl Image_fill(struct Image *,struct Pixel)" (?Image_fill@@YAXPEAUImage@@UPixel@@@Z) referenced in function "void __cdecl test_image_basic(void)" (?test_image_basic@@YAXXZ)
C:\Users\Dylan\Documents\!computer science\eecs280\Project2\x64\Debug\Project2.exe : fatal error LNK1120: 8 unresolved externals
